

============================== 2022-09-26 10:10:05.302116 | 9c140e07-6499-4db8-83ca-878405b13053 ==============================
[0m10:10:05.302116 [info ] [MainThread]: Running with dbt=1.2.1
[0m10:10:05.303309 [debug] [MainThread]: running dbt with arguments {'write_json': True, 'use_colors': True, 'printer_width': 80, 'version_check': True, 'partial_parse': True, 'static_parser': True, 'profiles_dir': 'C:\\Users\\DamienLawrenson\\Documents\\gitlab\\redshift-dbt-demo\\src\\dbt-project', 'send_anonymous_usage_stats': True, 'event_buffer_size': 100000, 'quiet': False, 'no_print': False, 'config_dir': False, 'which': 'debug', 'indirect_selection': 'eager'}
[0m10:10:05.303309 [debug] [MainThread]: Tracking: tracking
[0m10:10:05.362473 [debug] [MainThread]: Sending event: {'category': 'dbt', 'action': 'invocation', 'label': 'start', 'context': [<snowplow_tracker.self_describing_json.SelfDescribingJson object at 0x00000271EDFAB670>, <snowplow_tracker.self_describing_json.SelfDescribingJson object at 0x00000271EDFABA00>, <snowplow_tracker.self_describing_json.SelfDescribingJson object at 0x00000271EDFAB8B0>]}
[0m10:10:05.754804 [debug] [MainThread]: Executing "git --help"
[0m10:10:05.862694 [debug] [MainThread]: STDOUT: "b"usage: git [--version] [--help] [-C <path>] [-c <name>=<value>]\n           [--exec-path[=<path>]] [--html-path] [--man-path] [--info-path]\n           [-p | --paginate | -P | --no-pager] [--no-replace-objects] [--bare]\n           [--git-dir=<path>] [--work-tree=<path>] [--namespace=<name>]\n           [--super-prefix=<path>] [--config-env=<name>=<envvar>]\n           <command> [<args>]\n\nThese are common Git commands used in various situations:\n\nstart a working area (see also: git help tutorial)\n   clone             Clone a repository into a new directory\n   init              Create an empty Git repository or reinitialize an existing one\n\nwork on the current change (see also: git help everyday)\n   add               Add file contents to the index\n   mv                Move or rename a file, a directory, or a symlink\n   restore           Restore working tree files\n   rm                Remove files from the working tree and from the index\n   sparse-checkout   Initialize and modify the sparse-checkout\n\nexamine the history and state (see also: git help revisions)\n   bisect            Use binary search to find the commit that introduced a bug\n   diff              Show changes between commits, commit and working tree, etc\n   grep              Print lines matching a pattern\n   log               Show commit logs\n   show              Show various types of objects\n   status            Show the working tree status\n\ngrow, mark and tweak your common history\n   branch            List, create, or delete branches\n   commit            Record changes to the repository\n   merge             Join two or more development histories together\n   rebase            Reapply commits on top of another base tip\n   reset             Reset current HEAD to the specified state\n   switch            Switch branches\n   tag               Create, list, delete or verify a tag object signed with GPG\n\ncollaborate (see also: git help workflows)\n   fetch             Download objects and refs from another repository\n   pull              Fetch from and integrate with another repository or a local branch\n   push              Update remote refs along with associated objects\n\n'git help -a' and 'git help -g' list available subcommands and some\nconcept guides. See 'git help <command>' or 'git help <concept>'\nto read about a specific subcommand or concept.\nSee 'git help git' for an overview of the system.\n""
[0m10:10:05.862694 [debug] [MainThread]: STDERR: "b''"
[0m10:10:05.868695 [debug] [MainThread]: Acquiring new redshift connection "debug"
[0m10:10:05.868695 [debug] [MainThread]: Using redshift connection "debug"
[0m10:10:05.868695 [debug] [MainThread]: On debug: select 1 as id
[0m10:10:05.868695 [debug] [MainThread]: Opening a new connection, currently in state init
[0m10:10:05.868695 [debug] [MainThread]: Redshift adapter: Connecting to Redshift using 'database' credentials
[0m10:10:05.895802 [debug] [MainThread]: Postgres adapter: Got a retryable error when attempting to open a redshift connection.
1 attempts remaining. Retrying in 1 seconds.
Error:
could not translate host name "redshiftcluster-yqg3f7wh5cn2.ckkbrfwpeewq.eu-west-2.redshift.amazonaws.com" to address: Unknown host

[0m10:10:06.912986 [debug] [MainThread]: Postgres adapter: Error running SQL: select 1 as id
[0m10:10:06.913980 [debug] [MainThread]: Postgres adapter: Rolling back transaction.
[0m10:10:06.913980 [debug] [MainThread]: On debug: No close available on handle
[0m10:10:06.921380 [debug] [MainThread]: Sending event: {'category': 'dbt', 'action': 'invocation', 'label': 'end', 'context': [<snowplow_tracker.self_describing_json.SelfDescribingJson object at 0x00000271EE3B2250>, <snowplow_tracker.self_describing_json.SelfDescribingJson object at 0x00000271EE3B2550>, <snowplow_tracker.self_describing_json.SelfDescribingJson object at 0x00000271EE3B2670>]}
[0m10:10:06.921380 [debug] [MainThread]: Flushing usage events
[0m10:10:07.369404 [debug] [MainThread]: Connection 'debug' was properly closed.


============================== 2022-09-26 10:11:02.133224 | 649af271-39e7-4b04-aa0c-a17aca222a16 ==============================
[0m10:11:02.133224 [info ] [MainThread]: Running with dbt=1.2.1
[0m10:11:02.134371 [debug] [MainThread]: running dbt with arguments {'write_json': True, 'use_colors': True, 'printer_width': 80, 'version_check': True, 'partial_parse': True, 'static_parser': True, 'profiles_dir': 'C:\\Users\\DamienLawrenson\\Documents\\gitlab\\redshift-dbt-demo\\src\\dbt-project', 'send_anonymous_usage_stats': True, 'event_buffer_size': 100000, 'quiet': False, 'no_print': False, 'config_dir': False, 'which': 'debug', 'indirect_selection': 'eager'}
[0m10:11:02.134371 [debug] [MainThread]: Tracking: tracking
[0m10:11:02.198588 [debug] [MainThread]: Sending event: {'category': 'dbt', 'action': 'invocation', 'label': 'start', 'context': [<snowplow_tracker.self_describing_json.SelfDescribingJson object at 0x000001E0C3A79550>, <snowplow_tracker.self_describing_json.SelfDescribingJson object at 0x000001E0C3A79AC0>, <snowplow_tracker.self_describing_json.SelfDescribingJson object at 0x000001E0C3A79760>]}
[0m10:11:02.523246 [debug] [MainThread]: Executing "git --help"
[0m10:11:02.650711 [debug] [MainThread]: STDOUT: "b"usage: git [--version] [--help] [-C <path>] [-c <name>=<value>]\n           [--exec-path[=<path>]] [--html-path] [--man-path] [--info-path]\n           [-p | --paginate | -P | --no-pager] [--no-replace-objects] [--bare]\n           [--git-dir=<path>] [--work-tree=<path>] [--namespace=<name>]\n           [--super-prefix=<path>] [--config-env=<name>=<envvar>]\n           <command> [<args>]\n\nThese are common Git commands used in various situations:\n\nstart a working area (see also: git help tutorial)\n   clone             Clone a repository into a new directory\n   init              Create an empty Git repository or reinitialize an existing one\n\nwork on the current change (see also: git help everyday)\n   add               Add file contents to the index\n   mv                Move or rename a file, a directory, or a symlink\n   restore           Restore working tree files\n   rm                Remove files from the working tree and from the index\n   sparse-checkout   Initialize and modify the sparse-checkout\n\nexamine the history and state (see also: git help revisions)\n   bisect            Use binary search to find the commit that introduced a bug\n   diff              Show changes between commits, commit and working tree, etc\n   grep              Print lines matching a pattern\n   log               Show commit logs\n   show              Show various types of objects\n   status            Show the working tree status\n\ngrow, mark and tweak your common history\n   branch            List, create, or delete branches\n   commit            Record changes to the repository\n   merge             Join two or more development histories together\n   rebase            Reapply commits on top of another base tip\n   reset             Reset current HEAD to the specified state\n   switch            Switch branches\n   tag               Create, list, delete or verify a tag object signed with GPG\n\ncollaborate (see also: git help workflows)\n   fetch             Download objects and refs from another repository\n   pull              Fetch from and integrate with another repository or a local branch\n   push              Update remote refs along with associated objects\n\n'git help -a' and 'git help -g' list available subcommands and some\nconcept guides. See 'git help <command>' or 'git help <concept>'\nto read about a specific subcommand or concept.\nSee 'git help git' for an overview of the system.\n""
[0m10:11:02.650711 [debug] [MainThread]: STDERR: "b''"
[0m10:11:02.656804 [debug] [MainThread]: Acquiring new redshift connection "debug"
[0m10:11:02.656804 [debug] [MainThread]: Using redshift connection "debug"
[0m10:11:02.656804 [debug] [MainThread]: On debug: select 1 as id
[0m10:11:02.657588 [debug] [MainThread]: Opening a new connection, currently in state init
[0m10:11:02.657588 [debug] [MainThread]: Redshift adapter: Connecting to Redshift using 'database' credentials
[0m10:11:02.696107 [debug] [MainThread]: Postgres adapter: Got a retryable error when attempting to open a redshift connection.
1 attempts remaining. Retrying in 1 seconds.
Error:
could not translate host name "redshiftcluster-yqg3f7wh5cn2.ckkbrfwpeewq.eu-west-2.redshift.amazonaws.com" to address: Unknown host

[0m10:11:03.709754 [debug] [MainThread]: Postgres adapter: Error running SQL: select 1 as id
[0m10:11:03.709754 [debug] [MainThread]: Postgres adapter: Rolling back transaction.
[0m10:11:03.711131 [debug] [MainThread]: On debug: No close available on handle
[0m10:11:03.715131 [debug] [MainThread]: Sending event: {'category': 'dbt', 'action': 'invocation', 'label': 'end', 'context': [<snowplow_tracker.self_describing_json.SelfDescribingJson object at 0x000001E0C23DD160>, <snowplow_tracker.self_describing_json.SelfDescribingJson object at 0x000001E0C3E843D0>, <snowplow_tracker.self_describing_json.SelfDescribingJson object at 0x000001E0C3E845B0>]}
[0m10:11:03.716132 [debug] [MainThread]: Flushing usage events
[0m10:11:04.154873 [debug] [MainThread]: Connection 'debug' was properly closed.


============================== 2022-09-26 10:14:00.927669 | 86081dd0-64ac-4b78-9f5b-00e45e3b0ad6 ==============================
[0m10:14:00.927669 [info ] [MainThread]: Running with dbt=1.2.1
[0m10:14:00.928667 [debug] [MainThread]: running dbt with arguments {'write_json': True, 'use_colors': True, 'printer_width': 80, 'version_check': True, 'partial_parse': True, 'static_parser': True, 'profiles_dir': 'C:\\Users\\DamienLawrenson\\Documents\\gitlab\\redshift-dbt-demo\\src\\dbt-project', 'send_anonymous_usage_stats': True, 'event_buffer_size': 100000, 'quiet': False, 'no_print': False, 'config_dir': False, 'which': 'debug', 'indirect_selection': 'eager'}
[0m10:14:00.929666 [debug] [MainThread]: Tracking: tracking
[0m10:14:00.992841 [debug] [MainThread]: Sending event: {'category': 'dbt', 'action': 'invocation', 'label': 'start', 'context': [<snowplow_tracker.self_describing_json.SelfDescribingJson object at 0x000002404B4AA6D0>, <snowplow_tracker.self_describing_json.SelfDescribingJson object at 0x000002404B4AAA60>, <snowplow_tracker.self_describing_json.SelfDescribingJson object at 0x000002404B4AA910>]}
[0m10:14:01.294544 [debug] [MainThread]: Executing "git --help"
[0m10:14:01.420982 [debug] [MainThread]: STDOUT: "b"usage: git [--version] [--help] [-C <path>] [-c <name>=<value>]\n           [--exec-path[=<path>]] [--html-path] [--man-path] [--info-path]\n           [-p | --paginate | -P | --no-pager] [--no-replace-objects] [--bare]\n           [--git-dir=<path>] [--work-tree=<path>] [--namespace=<name>]\n           [--super-prefix=<path>] [--config-env=<name>=<envvar>]\n           <command> [<args>]\n\nThese are common Git commands used in various situations:\n\nstart a working area (see also: git help tutorial)\n   clone             Clone a repository into a new directory\n   init              Create an empty Git repository or reinitialize an existing one\n\nwork on the current change (see also: git help everyday)\n   add               Add file contents to the index\n   mv                Move or rename a file, a directory, or a symlink\n   restore           Restore working tree files\n   rm                Remove files from the working tree and from the index\n   sparse-checkout   Initialize and modify the sparse-checkout\n\nexamine the history and state (see also: git help revisions)\n   bisect            Use binary search to find the commit that introduced a bug\n   diff              Show changes between commits, commit and working tree, etc\n   grep              Print lines matching a pattern\n   log               Show commit logs\n   show              Show various types of objects\n   status            Show the working tree status\n\ngrow, mark and tweak your common history\n   branch            List, create, or delete branches\n   commit            Record changes to the repository\n   merge             Join two or more development histories together\n   rebase            Reapply commits on top of another base tip\n   reset             Reset current HEAD to the specified state\n   switch            Switch branches\n   tag               Create, list, delete or verify a tag object signed with GPG\n\ncollaborate (see also: git help workflows)\n   fetch             Download objects and refs from another repository\n   pull              Fetch from and integrate with another repository or a local branch\n   push              Update remote refs along with associated objects\n\n'git help -a' and 'git help -g' list available subcommands and some\nconcept guides. See 'git help <command>' or 'git help <concept>'\nto read about a specific subcommand or concept.\nSee 'git help git' for an overview of the system.\n""
[0m10:14:01.420982 [debug] [MainThread]: STDERR: "b''"
[0m10:14:01.429981 [debug] [MainThread]: Acquiring new redshift connection "debug"
[0m10:14:01.429981 [debug] [MainThread]: Using redshift connection "debug"
[0m10:14:01.429981 [debug] [MainThread]: On debug: select 1 as id
[0m10:14:01.429981 [debug] [MainThread]: Opening a new connection, currently in state init
[0m10:14:01.429981 [debug] [MainThread]: Redshift adapter: Connecting to Redshift using 'database' credentials
[0m10:14:01.450981 [debug] [MainThread]: Postgres adapter: Got a retryable error when attempting to open a redshift connection.
1 attempts remaining. Retrying in 1 seconds.
Error:
could not translate host name "redshiftcluster-yqg3f7wh5cn2.ckkbrfwpeewq.eu-west-2.redshift.amazonaws.com" to address: Unknown host

[0m10:14:02.465697 [debug] [MainThread]: Postgres adapter: Error running SQL: select 1 as id
[0m10:14:02.465697 [debug] [MainThread]: Postgres adapter: Rolling back transaction.
[0m10:14:02.465697 [debug] [MainThread]: On debug: No close available on handle
[0m10:14:02.469701 [debug] [MainThread]: Sending event: {'category': 'dbt', 'action': 'invocation', 'label': 'end', 'context': [<snowplow_tracker.self_describing_json.SelfDescribingJson object at 0x0000024049E0D5B0>, <snowplow_tracker.self_describing_json.SelfDescribingJson object at 0x0000024049E0F280>, <snowplow_tracker.self_describing_json.SelfDescribingJson object at 0x0000024049E0F640>]}
[0m10:14:02.469701 [debug] [MainThread]: Flushing usage events
[0m10:14:02.941297 [debug] [MainThread]: Connection 'debug' was properly closed.


============================== 2022-09-26 10:18:56.702740 | 690c1836-cbf4-4871-9d81-689e7b082b41 ==============================
[0m10:18:56.702740 [info ] [MainThread]: Running with dbt=1.2.1
[0m10:18:56.703746 [debug] [MainThread]: running dbt with arguments {'write_json': True, 'use_colors': True, 'printer_width': 80, 'version_check': True, 'partial_parse': True, 'static_parser': True, 'profiles_dir': 'C:\\Users\\DamienLawrenson\\Documents\\gitlab\\redshift-dbt-demo\\src\\dbt-project', 'send_anonymous_usage_stats': True, 'event_buffer_size': 100000, 'quiet': False, 'no_print': False, 'config_dir': False, 'which': 'debug', 'indirect_selection': 'eager'}
[0m10:18:56.703746 [debug] [MainThread]: Tracking: tracking
[0m10:18:56.767914 [debug] [MainThread]: Sending event: {'category': 'dbt', 'action': 'invocation', 'label': 'start', 'context': [<snowplow_tracker.self_describing_json.SelfDescribingJson object at 0x00000181B2A6A550>, <snowplow_tracker.self_describing_json.SelfDescribingJson object at 0x00000181B2A6AAC0>, <snowplow_tracker.self_describing_json.SelfDescribingJson object at 0x00000181B2A6A760>]}
[0m10:18:57.058324 [debug] [MainThread]: Executing "git --help"
[0m10:18:57.212429 [debug] [MainThread]: STDOUT: "b"usage: git [--version] [--help] [-C <path>] [-c <name>=<value>]\n           [--exec-path[=<path>]] [--html-path] [--man-path] [--info-path]\n           [-p | --paginate | -P | --no-pager] [--no-replace-objects] [--bare]\n           [--git-dir=<path>] [--work-tree=<path>] [--namespace=<name>]\n           [--super-prefix=<path>] [--config-env=<name>=<envvar>]\n           <command> [<args>]\n\nThese are common Git commands used in various situations:\n\nstart a working area (see also: git help tutorial)\n   clone             Clone a repository into a new directory\n   init              Create an empty Git repository or reinitialize an existing one\n\nwork on the current change (see also: git help everyday)\n   add               Add file contents to the index\n   mv                Move or rename a file, a directory, or a symlink\n   restore           Restore working tree files\n   rm                Remove files from the working tree and from the index\n   sparse-checkout   Initialize and modify the sparse-checkout\n\nexamine the history and state (see also: git help revisions)\n   bisect            Use binary search to find the commit that introduced a bug\n   diff              Show changes between commits, commit and working tree, etc\n   grep              Print lines matching a pattern\n   log               Show commit logs\n   show              Show various types of objects\n   status            Show the working tree status\n\ngrow, mark and tweak your common history\n   branch            List, create, or delete branches\n   commit            Record changes to the repository\n   merge             Join two or more development histories together\n   rebase            Reapply commits on top of another base tip\n   reset             Reset current HEAD to the specified state\n   switch            Switch branches\n   tag               Create, list, delete or verify a tag object signed with GPG\n\ncollaborate (see also: git help workflows)\n   fetch             Download objects and refs from another repository\n   pull              Fetch from and integrate with another repository or a local branch\n   push              Update remote refs along with associated objects\n\n'git help -a' and 'git help -g' list available subcommands and some\nconcept guides. See 'git help <command>' or 'git help <concept>'\nto read about a specific subcommand or concept.\nSee 'git help git' for an overview of the system.\n""
[0m10:18:57.212429 [debug] [MainThread]: STDERR: "b''"
[0m10:18:57.219505 [debug] [MainThread]: Acquiring new redshift connection "debug"
[0m10:18:57.219505 [debug] [MainThread]: Using redshift connection "debug"
[0m10:18:57.219505 [debug] [MainThread]: On debug: select 1 as id
[0m10:18:57.219505 [debug] [MainThread]: Opening a new connection, currently in state init
[0m10:18:57.219505 [debug] [MainThread]: Redshift adapter: Connecting to Redshift using 'database' credentials
[0m10:19:07.248695 [debug] [MainThread]: Postgres adapter: Got a retryable error when attempting to open a redshift connection.
1 attempts remaining. Retrying in 1 seconds.
Error:
connection to server at "redshiftcluster-yqg3f7wh5cn2.ckkbrfwpeewq.eu-west-2.redshift.amazonaws.com" (3.11.133.128), port 5439 failed: timeout expired

[0m10:19:18.273487 [debug] [MainThread]: Postgres adapter: Error running SQL: select 1 as id
[0m10:19:18.274488 [debug] [MainThread]: Postgres adapter: Rolling back transaction.
[0m10:19:18.275851 [debug] [MainThread]: On debug: No close available on handle
[0m10:19:18.293882 [debug] [MainThread]: Sending event: {'category': 'dbt', 'action': 'invocation', 'label': 'end', 'context': [<snowplow_tracker.self_describing_json.SelfDescribingJson object at 0x00000181B13CD160>, <snowplow_tracker.self_describing_json.SelfDescribingJson object at 0x00000181B2E743D0>, <snowplow_tracker.self_describing_json.SelfDescribingJson object at 0x00000181B2E745B0>]}
[0m10:19:18.294881 [debug] [MainThread]: Flushing usage events
[0m10:19:18.791155 [debug] [MainThread]: Connection 'debug' was properly closed.


============================== 2022-09-26 10:19:56.306660 | 365f382d-1fda-4367-a1f1-4f7c62bf1cb1 ==============================
[0m10:19:56.306660 [info ] [MainThread]: Running with dbt=1.2.1
[0m10:19:56.307826 [debug] [MainThread]: running dbt with arguments {'write_json': True, 'use_colors': True, 'printer_width': 80, 'version_check': True, 'partial_parse': True, 'static_parser': True, 'profiles_dir': 'C:\\Users\\DamienLawrenson\\Documents\\gitlab\\redshift-dbt-demo\\src\\dbt-project', 'send_anonymous_usage_stats': True, 'event_buffer_size': 100000, 'quiet': False, 'no_print': False, 'config_dir': False, 'which': 'debug', 'indirect_selection': 'eager'}
[0m10:19:56.307826 [debug] [MainThread]: Tracking: tracking
[0m10:19:56.365227 [debug] [MainThread]: Sending event: {'category': 'dbt', 'action': 'invocation', 'label': 'start', 'context': [<snowplow_tracker.self_describing_json.SelfDescribingJson object at 0x000001A522EF96D0>, <snowplow_tracker.self_describing_json.SelfDescribingJson object at 0x000001A522EF9A60>, <snowplow_tracker.self_describing_json.SelfDescribingJson object at 0x000001A522EF9910>]}
[0m10:19:56.731596 [debug] [MainThread]: Executing "git --help"
[0m10:19:56.822949 [debug] [MainThread]: STDOUT: "b"usage: git [--version] [--help] [-C <path>] [-c <name>=<value>]\n           [--exec-path[=<path>]] [--html-path] [--man-path] [--info-path]\n           [-p | --paginate | -P | --no-pager] [--no-replace-objects] [--bare]\n           [--git-dir=<path>] [--work-tree=<path>] [--namespace=<name>]\n           [--super-prefix=<path>] [--config-env=<name>=<envvar>]\n           <command> [<args>]\n\nThese are common Git commands used in various situations:\n\nstart a working area (see also: git help tutorial)\n   clone             Clone a repository into a new directory\n   init              Create an empty Git repository or reinitialize an existing one\n\nwork on the current change (see also: git help everyday)\n   add               Add file contents to the index\n   mv                Move or rename a file, a directory, or a symlink\n   restore           Restore working tree files\n   rm                Remove files from the working tree and from the index\n   sparse-checkout   Initialize and modify the sparse-checkout\n\nexamine the history and state (see also: git help revisions)\n   bisect            Use binary search to find the commit that introduced a bug\n   diff              Show changes between commits, commit and working tree, etc\n   grep              Print lines matching a pattern\n   log               Show commit logs\n   show              Show various types of objects\n   status            Show the working tree status\n\ngrow, mark and tweak your common history\n   branch            List, create, or delete branches\n   commit            Record changes to the repository\n   merge             Join two or more development histories together\n   rebase            Reapply commits on top of another base tip\n   reset             Reset current HEAD to the specified state\n   switch            Switch branches\n   tag               Create, list, delete or verify a tag object signed with GPG\n\ncollaborate (see also: git help workflows)\n   fetch             Download objects and refs from another repository\n   pull              Fetch from and integrate with another repository or a local branch\n   push              Update remote refs along with associated objects\n\n'git help -a' and 'git help -g' list available subcommands and some\nconcept guides. See 'git help <command>' or 'git help <concept>'\nto read about a specific subcommand or concept.\nSee 'git help git' for an overview of the system.\n""
[0m10:19:56.822949 [debug] [MainThread]: STDERR: "b''"
[0m10:19:56.829949 [debug] [MainThread]: Acquiring new redshift connection "debug"
[0m10:19:56.830949 [debug] [MainThread]: Using redshift connection "debug"
[0m10:19:56.831275 [debug] [MainThread]: On debug: select 1 as id
[0m10:19:56.831275 [debug] [MainThread]: Opening a new connection, currently in state init
[0m10:19:56.831275 [debug] [MainThread]: Redshift adapter: Connecting to Redshift using 'database' credentials
[0m10:20:06.854482 [debug] [MainThread]: Postgres adapter: Got a retryable error when attempting to open a redshift connection.
1 attempts remaining. Retrying in 1 seconds.
Error:
connection to server at "redshiftcluster-yqg3f7wh5cn2.ckkbrfwpeewq.eu-west-2.redshift.amazonaws.com" (3.11.133.128), port 5439 failed: timeout expired

[0m10:20:17.871373 [debug] [MainThread]: Postgres adapter: Error running SQL: select 1 as id
[0m10:20:17.872302 [debug] [MainThread]: Postgres adapter: Rolling back transaction.
[0m10:20:17.872302 [debug] [MainThread]: On debug: No close available on handle
[0m10:20:17.875303 [debug] [MainThread]: Sending event: {'category': 'dbt', 'action': 'invocation', 'label': 'end', 'context': [<snowplow_tracker.self_describing_json.SelfDescribingJson object at 0x000001A5232B25E0>, <snowplow_tracker.self_describing_json.SelfDescribingJson object at 0x000001A5232B2610>, <snowplow_tracker.self_describing_json.SelfDescribingJson object at 0x000001A5232B2BE0>]}
[0m10:20:17.876302 [debug] [MainThread]: Flushing usage events
[0m10:20:18.293448 [debug] [MainThread]: Connection 'debug' was properly closed.


============================== 2022-09-26 10:21:55.864158 | 5009d330-8a75-43d3-a53a-12832024e0bb ==============================
[0m10:21:55.864158 [info ] [MainThread]: Running with dbt=1.2.1
[0m10:21:55.866143 [debug] [MainThread]: running dbt with arguments {'write_json': True, 'use_colors': True, 'printer_width': 80, 'version_check': True, 'partial_parse': True, 'static_parser': True, 'profiles_dir': 'C:\\Users\\DamienLawrenson\\Documents\\gitlab\\redshift-dbt-demo\\src\\dbt-project', 'send_anonymous_usage_stats': True, 'event_buffer_size': 100000, 'quiet': False, 'no_print': False, 'config_dir': False, 'which': 'debug', 'indirect_selection': 'eager'}
[0m10:21:55.866143 [debug] [MainThread]: Tracking: tracking
[0m10:21:55.927312 [debug] [MainThread]: Sending event: {'category': 'dbt', 'action': 'invocation', 'label': 'start', 'context': [<snowplow_tracker.self_describing_json.SelfDescribingJson object at 0x000001C308499550>, <snowplow_tracker.self_describing_json.SelfDescribingJson object at 0x000001C308499AC0>, <snowplow_tracker.self_describing_json.SelfDescribingJson object at 0x000001C308499760>]}
[0m10:21:56.257232 [debug] [MainThread]: Executing "git --help"
[0m10:21:56.377465 [debug] [MainThread]: STDOUT: "b"usage: git [--version] [--help] [-C <path>] [-c <name>=<value>]\n           [--exec-path[=<path>]] [--html-path] [--man-path] [--info-path]\n           [-p | --paginate | -P | --no-pager] [--no-replace-objects] [--bare]\n           [--git-dir=<path>] [--work-tree=<path>] [--namespace=<name>]\n           [--super-prefix=<path>] [--config-env=<name>=<envvar>]\n           <command> [<args>]\n\nThese are common Git commands used in various situations:\n\nstart a working area (see also: git help tutorial)\n   clone             Clone a repository into a new directory\n   init              Create an empty Git repository or reinitialize an existing one\n\nwork on the current change (see also: git help everyday)\n   add               Add file contents to the index\n   mv                Move or rename a file, a directory, or a symlink\n   restore           Restore working tree files\n   rm                Remove files from the working tree and from the index\n   sparse-checkout   Initialize and modify the sparse-checkout\n\nexamine the history and state (see also: git help revisions)\n   bisect            Use binary search to find the commit that introduced a bug\n   diff              Show changes between commits, commit and working tree, etc\n   grep              Print lines matching a pattern\n   log               Show commit logs\n   show              Show various types of objects\n   status            Show the working tree status\n\ngrow, mark and tweak your common history\n   branch            List, create, or delete branches\n   commit            Record changes to the repository\n   merge             Join two or more development histories together\n   rebase            Reapply commits on top of another base tip\n   reset             Reset current HEAD to the specified state\n   switch            Switch branches\n   tag               Create, list, delete or verify a tag object signed with GPG\n\ncollaborate (see also: git help workflows)\n   fetch             Download objects and refs from another repository\n   pull              Fetch from and integrate with another repository or a local branch\n   push              Update remote refs along with associated objects\n\n'git help -a' and 'git help -g' list available subcommands and some\nconcept guides. See 'git help <command>' or 'git help <concept>'\nto read about a specific subcommand or concept.\nSee 'git help git' for an overview of the system.\n""
[0m10:21:56.377465 [debug] [MainThread]: STDERR: "b''"
[0m10:21:56.383464 [debug] [MainThread]: Acquiring new redshift connection "debug"
[0m10:21:56.383464 [debug] [MainThread]: Using redshift connection "debug"
[0m10:21:56.383464 [debug] [MainThread]: On debug: select 1 as id
[0m10:21:56.383464 [debug] [MainThread]: Opening a new connection, currently in state init
[0m10:21:56.383464 [debug] [MainThread]: Redshift adapter: Connecting to Redshift using 'database' credentials
[0m10:22:06.417469 [debug] [MainThread]: Postgres adapter: Got a retryable error when attempting to open a redshift connection.
1 attempts remaining. Retrying in 1 seconds.
Error:
connection to server at "redshiftcluster-yqg3f7wh5cn2.ckkbrfwpeewq.eu-west-2.redshift.amazonaws.com" (3.11.133.128), port 5439 failed: timeout expired

[0m10:22:17.439747 [debug] [MainThread]: Postgres adapter: Error running SQL: select 1 as id
[0m10:22:17.441254 [debug] [MainThread]: Postgres adapter: Rolling back transaction.
[0m10:22:17.441254 [debug] [MainThread]: On debug: No close available on handle
[0m10:22:17.452664 [debug] [MainThread]: Sending event: {'category': 'dbt', 'action': 'invocation', 'label': 'end', 'context': [<snowplow_tracker.self_describing_json.SelfDescribingJson object at 0x000001C3088A5F40>, <snowplow_tracker.self_describing_json.SelfDescribingJson object at 0x000001C3088A53A0>, <snowplow_tracker.self_describing_json.SelfDescribingJson object at 0x000001C3088A59D0>]}
[0m10:22:17.453845 [debug] [MainThread]: Flushing usage events
[0m10:22:17.913840 [debug] [MainThread]: Connection 'debug' was properly closed.


============================== 2022-09-26 10:24:40.542767 | 3e2e153f-2e39-4d05-bffe-12151bc1a9d4 ==============================
[0m10:24:40.542767 [info ] [MainThread]: Running with dbt=1.2.1
[0m10:24:40.543769 [debug] [MainThread]: running dbt with arguments {'write_json': True, 'use_colors': True, 'printer_width': 80, 'version_check': True, 'partial_parse': True, 'static_parser': True, 'profiles_dir': 'C:\\Users\\DamienLawrenson\\Documents\\gitlab\\redshift-dbt-demo\\src\\dbt-project', 'send_anonymous_usage_stats': True, 'event_buffer_size': 100000, 'quiet': False, 'no_print': False, 'config_dir': False, 'which': 'debug', 'indirect_selection': 'eager'}
[0m10:24:40.544766 [debug] [MainThread]: Tracking: tracking
[0m10:24:40.612145 [debug] [MainThread]: Sending event: {'category': 'dbt', 'action': 'invocation', 'label': 'start', 'context': [<snowplow_tracker.self_describing_json.SelfDescribingJson object at 0x000001B0157FA550>, <snowplow_tracker.self_describing_json.SelfDescribingJson object at 0x000001B0157FAAC0>, <snowplow_tracker.self_describing_json.SelfDescribingJson object at 0x000001B0157FA760>]}
[0m10:24:40.902117 [debug] [MainThread]: Executing "git --help"
[0m10:24:41.013937 [debug] [MainThread]: STDOUT: "b"usage: git [--version] [--help] [-C <path>] [-c <name>=<value>]\n           [--exec-path[=<path>]] [--html-path] [--man-path] [--info-path]\n           [-p | --paginate | -P | --no-pager] [--no-replace-objects] [--bare]\n           [--git-dir=<path>] [--work-tree=<path>] [--namespace=<name>]\n           [--super-prefix=<path>] [--config-env=<name>=<envvar>]\n           <command> [<args>]\n\nThese are common Git commands used in various situations:\n\nstart a working area (see also: git help tutorial)\n   clone             Clone a repository into a new directory\n   init              Create an empty Git repository or reinitialize an existing one\n\nwork on the current change (see also: git help everyday)\n   add               Add file contents to the index\n   mv                Move or rename a file, a directory, or a symlink\n   restore           Restore working tree files\n   rm                Remove files from the working tree and from the index\n   sparse-checkout   Initialize and modify the sparse-checkout\n\nexamine the history and state (see also: git help revisions)\n   bisect            Use binary search to find the commit that introduced a bug\n   diff              Show changes between commits, commit and working tree, etc\n   grep              Print lines matching a pattern\n   log               Show commit logs\n   show              Show various types of objects\n   status            Show the working tree status\n\ngrow, mark and tweak your common history\n   branch            List, create, or delete branches\n   commit            Record changes to the repository\n   merge             Join two or more development histories together\n   rebase            Reapply commits on top of another base tip\n   reset             Reset current HEAD to the specified state\n   switch            Switch branches\n   tag               Create, list, delete or verify a tag object signed with GPG\n\ncollaborate (see also: git help workflows)\n   fetch             Download objects and refs from another repository\n   pull              Fetch from and integrate with another repository or a local branch\n   push              Update remote refs along with associated objects\n\n'git help -a' and 'git help -g' list available subcommands and some\nconcept guides. See 'git help <command>' or 'git help <concept>'\nto read about a specific subcommand or concept.\nSee 'git help git' for an overview of the system.\n""
[0m10:24:41.014938 [debug] [MainThread]: STDERR: "b''"
[0m10:24:41.020369 [debug] [MainThread]: Acquiring new redshift connection "debug"
[0m10:24:41.020369 [debug] [MainThread]: Using redshift connection "debug"
[0m10:24:41.020369 [debug] [MainThread]: On debug: select 1 as id
[0m10:24:41.020369 [debug] [MainThread]: Opening a new connection, currently in state init
[0m10:24:41.020369 [debug] [MainThread]: Redshift adapter: Connecting to Redshift using 'database' credentials
[0m10:24:51.102139 [debug] [MainThread]: Postgres adapter: Got a retryable error when attempting to open a redshift connection.
1 attempts remaining. Retrying in 1 seconds.
Error:
connection to server at "redshiftcluster-yqg3f7wh5cn2.ckkbrfwpeewq.eu-west-2.redshift.amazonaws.com" (3.11.133.128), port 5439 failed: timeout expired

[0m10:25:02.126556 [debug] [MainThread]: Postgres adapter: Error running SQL: select 1 as id
[0m10:25:02.127551 [debug] [MainThread]: Postgres adapter: Rolling back transaction.
[0m10:25:02.127551 [debug] [MainThread]: On debug: No close available on handle
[0m10:25:02.139156 [debug] [MainThread]: Sending event: {'category': 'dbt', 'action': 'invocation', 'label': 'end', 'context': [<snowplow_tracker.self_describing_json.SelfDescribingJson object at 0x000001B015C05F40>, <snowplow_tracker.self_describing_json.SelfDescribingJson object at 0x000001B015C057F0>, <snowplow_tracker.self_describing_json.SelfDescribingJson object at 0x000001B015C059D0>]}
[0m10:25:02.140163 [debug] [MainThread]: Flushing usage events
[0m10:25:02.673797 [debug] [MainThread]: Connection 'debug' was properly closed.


============================== 2022-09-26 10:27:51.309753 | 69149e4c-cfc3-40c1-9fa8-89ec5eb25d47 ==============================
[0m10:27:51.309753 [info ] [MainThread]: Running with dbt=1.2.1
[0m10:27:51.310820 [debug] [MainThread]: running dbt with arguments {'write_json': True, 'use_colors': True, 'printer_width': 80, 'version_check': True, 'partial_parse': True, 'static_parser': True, 'profiles_dir': 'C:\\Users\\DamienLawrenson\\Documents\\gitlab\\redshift-dbt-demo\\src\\dbt-project', 'send_anonymous_usage_stats': True, 'event_buffer_size': 100000, 'quiet': False, 'no_print': False, 'config_dir': False, 'which': 'debug', 'indirect_selection': 'eager'}
[0m10:27:51.311726 [debug] [MainThread]: Tracking: tracking
[0m10:27:51.371987 [debug] [MainThread]: Sending event: {'category': 'dbt', 'action': 'invocation', 'label': 'start', 'context': [<snowplow_tracker.self_describing_json.SelfDescribingJson object at 0x00000171AD9CA550>, <snowplow_tracker.self_describing_json.SelfDescribingJson object at 0x00000171AD9CAAC0>, <snowplow_tracker.self_describing_json.SelfDescribingJson object at 0x00000171AD9CA760>]}
[0m10:27:51.682053 [debug] [MainThread]: Executing "git --help"
[0m10:27:51.799208 [debug] [MainThread]: STDOUT: "b"usage: git [--version] [--help] [-C <path>] [-c <name>=<value>]\n           [--exec-path[=<path>]] [--html-path] [--man-path] [--info-path]\n           [-p | --paginate | -P | --no-pager] [--no-replace-objects] [--bare]\n           [--git-dir=<path>] [--work-tree=<path>] [--namespace=<name>]\n           [--super-prefix=<path>] [--config-env=<name>=<envvar>]\n           <command> [<args>]\n\nThese are common Git commands used in various situations:\n\nstart a working area (see also: git help tutorial)\n   clone             Clone a repository into a new directory\n   init              Create an empty Git repository or reinitialize an existing one\n\nwork on the current change (see also: git help everyday)\n   add               Add file contents to the index\n   mv                Move or rename a file, a directory, or a symlink\n   restore           Restore working tree files\n   rm                Remove files from the working tree and from the index\n   sparse-checkout   Initialize and modify the sparse-checkout\n\nexamine the history and state (see also: git help revisions)\n   bisect            Use binary search to find the commit that introduced a bug\n   diff              Show changes between commits, commit and working tree, etc\n   grep              Print lines matching a pattern\n   log               Show commit logs\n   show              Show various types of objects\n   status            Show the working tree status\n\ngrow, mark and tweak your common history\n   branch            List, create, or delete branches\n   commit            Record changes to the repository\n   merge             Join two or more development histories together\n   rebase            Reapply commits on top of another base tip\n   reset             Reset current HEAD to the specified state\n   switch            Switch branches\n   tag               Create, list, delete or verify a tag object signed with GPG\n\ncollaborate (see also: git help workflows)\n   fetch             Download objects and refs from another repository\n   pull              Fetch from and integrate with another repository or a local branch\n   push              Update remote refs along with associated objects\n\n'git help -a' and 'git help -g' list available subcommands and some\nconcept guides. See 'git help <command>' or 'git help <concept>'\nto read about a specific subcommand or concept.\nSee 'git help git' for an overview of the system.\n""
[0m10:27:51.800161 [debug] [MainThread]: STDERR: "b''"
[0m10:27:51.806160 [debug] [MainThread]: Acquiring new redshift connection "debug"
[0m10:27:51.806160 [debug] [MainThread]: Using redshift connection "debug"
[0m10:27:51.806160 [debug] [MainThread]: On debug: select 1 as id
[0m10:27:51.806160 [debug] [MainThread]: Opening a new connection, currently in state init
[0m10:27:51.806160 [debug] [MainThread]: Redshift adapter: Connecting to Redshift using 'database' credentials
[0m10:28:01.837608 [debug] [MainThread]: Postgres adapter: Got a retryable error when attempting to open a redshift connection.
1 attempts remaining. Retrying in 1 seconds.
Error:
connection to server at "redshiftcluster-yqg3f7wh5cn2.ckkbrfwpeewq.eu-west-2.redshift.amazonaws.com" (3.11.133.128), port 5439 failed: timeout expired

[0m10:28:12.867291 [debug] [MainThread]: Postgres adapter: Error running SQL: select 1 as id
[0m10:28:12.867291 [debug] [MainThread]: Postgres adapter: Rolling back transaction.
[0m10:28:12.867291 [debug] [MainThread]: On debug: No close available on handle
[0m10:28:12.877181 [debug] [MainThread]: Sending event: {'category': 'dbt', 'action': 'invocation', 'label': 'end', 'context': [<snowplow_tracker.self_describing_json.SelfDescribingJson object at 0x00000171AC32D160>, <snowplow_tracker.self_describing_json.SelfDescribingJson object at 0x00000171ADDD43D0>, <snowplow_tracker.self_describing_json.SelfDescribingJson object at 0x00000171ADDD45B0>]}
[0m10:28:12.877181 [debug] [MainThread]: Flushing usage events
[0m10:28:13.329058 [debug] [MainThread]: Connection 'debug' was properly closed.


============================== 2022-09-26 10:32:17.328466 | 0a263765-625e-4eb8-bc3b-f64ee2dce906 ==============================
[0m10:32:17.328466 [info ] [MainThread]: Running with dbt=1.2.1
[0m10:32:17.330098 [debug] [MainThread]: running dbt with arguments {'write_json': True, 'use_colors': True, 'printer_width': 80, 'version_check': True, 'partial_parse': True, 'static_parser': True, 'profiles_dir': 'C:\\Users\\DamienLawrenson\\Documents\\gitlab\\redshift-dbt-demo\\src\\dbt-project', 'send_anonymous_usage_stats': True, 'event_buffer_size': 100000, 'quiet': False, 'no_print': False, 'config_dir': False, 'which': 'debug', 'indirect_selection': 'eager'}
[0m10:32:17.330098 [debug] [MainThread]: Tracking: tracking
[0m10:32:17.389949 [debug] [MainThread]: Sending event: {'category': 'dbt', 'action': 'invocation', 'label': 'start', 'context': [<snowplow_tracker.self_describing_json.SelfDescribingJson object at 0x0000027C3F95A5E0>, <snowplow_tracker.self_describing_json.SelfDescribingJson object at 0x0000027C3F95AF40>, <snowplow_tracker.self_describing_json.SelfDescribingJson object at 0x0000027C3F95A7F0>]}
[0m10:32:17.676338 [debug] [MainThread]: Executing "git --help"
[0m10:32:17.787245 [debug] [MainThread]: STDOUT: "b"usage: git [--version] [--help] [-C <path>] [-c <name>=<value>]\n           [--exec-path[=<path>]] [--html-path] [--man-path] [--info-path]\n           [-p | --paginate | -P | --no-pager] [--no-replace-objects] [--bare]\n           [--git-dir=<path>] [--work-tree=<path>] [--namespace=<name>]\n           [--super-prefix=<path>] [--config-env=<name>=<envvar>]\n           <command> [<args>]\n\nThese are common Git commands used in various situations:\n\nstart a working area (see also: git help tutorial)\n   clone             Clone a repository into a new directory\n   init              Create an empty Git repository or reinitialize an existing one\n\nwork on the current change (see also: git help everyday)\n   add               Add file contents to the index\n   mv                Move or rename a file, a directory, or a symlink\n   restore           Restore working tree files\n   rm                Remove files from the working tree and from the index\n   sparse-checkout   Initialize and modify the sparse-checkout\n\nexamine the history and state (see also: git help revisions)\n   bisect            Use binary search to find the commit that introduced a bug\n   diff              Show changes between commits, commit and working tree, etc\n   grep              Print lines matching a pattern\n   log               Show commit logs\n   show              Show various types of objects\n   status            Show the working tree status\n\ngrow, mark and tweak your common history\n   branch            List, create, or delete branches\n   commit            Record changes to the repository\n   merge             Join two or more development histories together\n   rebase            Reapply commits on top of another base tip\n   reset             Reset current HEAD to the specified state\n   switch            Switch branches\n   tag               Create, list, delete or verify a tag object signed with GPG\n\ncollaborate (see also: git help workflows)\n   fetch             Download objects and refs from another repository\n   pull              Fetch from and integrate with another repository or a local branch\n   push              Update remote refs along with associated objects\n\n'git help -a' and 'git help -g' list available subcommands and some\nconcept guides. See 'git help <command>' or 'git help <concept>'\nto read about a specific subcommand or concept.\nSee 'git help git' for an overview of the system.\n""
[0m10:32:17.787245 [debug] [MainThread]: STDERR: "b''"
[0m10:32:17.794208 [debug] [MainThread]: Acquiring new redshift connection "debug"
[0m10:32:17.794208 [debug] [MainThread]: Using redshift connection "debug"
[0m10:32:17.794208 [debug] [MainThread]: On debug: select 1 as id
[0m10:32:17.794208 [debug] [MainThread]: Opening a new connection, currently in state init
[0m10:32:17.794208 [debug] [MainThread]: Redshift adapter: Connecting to Redshift using 'database' credentials
[0m10:32:27.821599 [debug] [MainThread]: Postgres adapter: Got a retryable error when attempting to open a redshift connection.
1 attempts remaining. Retrying in 1 seconds.
Error:
connection to server at "redshiftcluster-yqg3f7wh5cn2.ckkbrfwpeewq.eu-west-2.redshift.amazonaws.com" (3.11.133.128), port 5439 failed: timeout expired

[0m10:32:38.847615 [debug] [MainThread]: Postgres adapter: Error running SQL: select 1 as id
[0m10:32:38.849259 [debug] [MainThread]: Postgres adapter: Rolling back transaction.
[0m10:32:38.850348 [debug] [MainThread]: On debug: No close available on handle
[0m10:32:38.863252 [debug] [MainThread]: Sending event: {'category': 'dbt', 'action': 'invocation', 'label': 'end', 'context': [<snowplow_tracker.self_describing_json.SelfDescribingJson object at 0x0000027C3FD65280>, <snowplow_tracker.self_describing_json.SelfDescribingJson object at 0x0000027C3FD65A00>, <snowplow_tracker.self_describing_json.SelfDescribingJson object at 0x0000027C3FD65D30>]}
[0m10:32:38.864749 [debug] [MainThread]: Flushing usage events
[0m10:32:39.387127 [debug] [MainThread]: Connection 'debug' was properly closed.


============================== 2022-09-26 13:15:36.992475 | 525b3e93-8440-46c9-9b0c-392852fe6e9b ==============================
[0m13:15:36.992475 [info ] [MainThread]: Running with dbt=1.2.1
[0m13:15:36.993473 [debug] [MainThread]: running dbt with arguments {'write_json': True, 'use_colors': True, 'printer_width': 80, 'version_check': True, 'partial_parse': True, 'static_parser': True, 'profiles_dir': 'C:\\Users\\DamienLawrenson\\Documents\\gitlab\\redshift-dbt-demo\\src\\dbt-project', 'send_anonymous_usage_stats': True, 'event_buffer_size': 100000, 'quiet': False, 'no_print': False, 'config_dir': False, 'which': 'debug', 'indirect_selection': 'eager'}
[0m13:15:36.993473 [debug] [MainThread]: Tracking: tracking
[0m13:15:37.042264 [debug] [MainThread]: Sending event: {'category': 'dbt', 'action': 'invocation', 'label': 'start', 'context': [<snowplow_tracker.self_describing_json.SelfDescribingJson object at 0x0000011EA825A670>, <snowplow_tracker.self_describing_json.SelfDescribingJson object at 0x0000011EA825AA00>, <snowplow_tracker.self_describing_json.SelfDescribingJson object at 0x0000011EA825A8B0>]}
[0m13:15:37.263298 [debug] [MainThread]: Executing "git --help"
[0m13:15:37.339045 [debug] [MainThread]: STDOUT: "b"usage: git [--version] [--help] [-C <path>] [-c <name>=<value>]\n           [--exec-path[=<path>]] [--html-path] [--man-path] [--info-path]\n           [-p | --paginate | -P | --no-pager] [--no-replace-objects] [--bare]\n           [--git-dir=<path>] [--work-tree=<path>] [--namespace=<name>]\n           [--super-prefix=<path>] [--config-env=<name>=<envvar>]\n           <command> [<args>]\n\nThese are common Git commands used in various situations:\n\nstart a working area (see also: git help tutorial)\n   clone             Clone a repository into a new directory\n   init              Create an empty Git repository or reinitialize an existing one\n\nwork on the current change (see also: git help everyday)\n   add               Add file contents to the index\n   mv                Move or rename a file, a directory, or a symlink\n   restore           Restore working tree files\n   rm                Remove files from the working tree and from the index\n   sparse-checkout   Initialize and modify the sparse-checkout\n\nexamine the history and state (see also: git help revisions)\n   bisect            Use binary search to find the commit that introduced a bug\n   diff              Show changes between commits, commit and working tree, etc\n   grep              Print lines matching a pattern\n   log               Show commit logs\n   show              Show various types of objects\n   status            Show the working tree status\n\ngrow, mark and tweak your common history\n   branch            List, create, or delete branches\n   commit            Record changes to the repository\n   merge             Join two or more development histories together\n   rebase            Reapply commits on top of another base tip\n   reset             Reset current HEAD to the specified state\n   switch            Switch branches\n   tag               Create, list, delete or verify a tag object signed with GPG\n\ncollaborate (see also: git help workflows)\n   fetch             Download objects and refs from another repository\n   pull              Fetch from and integrate with another repository or a local branch\n   push              Update remote refs along with associated objects\n\n'git help -a' and 'git help -g' list available subcommands and some\nconcept guides. See 'git help <command>' or 'git help <concept>'\nto read about a specific subcommand or concept.\nSee 'git help git' for an overview of the system.\n""
[0m13:15:37.339045 [debug] [MainThread]: STDERR: "b''"
[0m13:15:37.352116 [debug] [MainThread]: Acquiring new redshift connection "debug"
[0m13:15:37.352116 [debug] [MainThread]: Using redshift connection "debug"
[0m13:15:37.352116 [debug] [MainThread]: On debug: select 1 as id
[0m13:15:37.353119 [debug] [MainThread]: Opening a new connection, currently in state init
[0m13:15:37.353119 [debug] [MainThread]: Redshift adapter: Connecting to Redshift using 'database' credentials
[0m13:15:37.482166 [debug] [MainThread]: SQL status: SELECT in 0.13 seconds
[0m13:15:37.483203 [debug] [MainThread]: On debug: Close
[0m13:15:37.486306 [debug] [MainThread]: Sending event: {'category': 'dbt', 'action': 'invocation', 'label': 'end', 'context': [<snowplow_tracker.self_describing_json.SelfDescribingJson object at 0x0000011EA6BC9F40>, <snowplow_tracker.self_describing_json.SelfDescribingJson object at 0x0000011EA6BC9E80>, <snowplow_tracker.self_describing_json.SelfDescribingJson object at 0x0000011EA6BBF820>]}
[0m13:15:37.486306 [debug] [MainThread]: Flushing usage events
[0m13:15:37.895662 [debug] [MainThread]: Connection 'debug' was properly closed.


============================== 2022-09-26 13:16:58.745277 | eae6a161-169f-4cc8-a359-fc6429cf4fba ==============================
[0m13:16:58.745277 [info ] [MainThread]: Running with dbt=1.2.1
[0m13:16:58.746579 [debug] [MainThread]: running dbt with arguments {'write_json': True, 'use_colors': True, 'printer_width': 80, 'version_check': True, 'partial_parse': True, 'static_parser': True, 'profiles_dir': 'C:\\Users\\DamienLawrenson\\Documents\\gitlab\\redshift-dbt-demo\\src\\dbt-project', 'send_anonymous_usage_stats': True, 'event_buffer_size': 100000, 'quiet': False, 'no_print': False, 'which': 'run', 'rpc_method': 'run', 'indirect_selection': 'eager'}
[0m13:16:58.746579 [debug] [MainThread]: Tracking: tracking
[0m13:16:58.799539 [debug] [MainThread]: Sending event: {'category': 'dbt', 'action': 'invocation', 'label': 'start', 'context': [<snowplow_tracker.self_describing_json.SelfDescribingJson object at 0x000001C92805C340>, <snowplow_tracker.self_describing_json.SelfDescribingJson object at 0x000001C92805C160>, <snowplow_tracker.self_describing_json.SelfDescribingJson object at 0x000001C92805C2E0>]}
[0m13:16:58.800539 [debug] [MainThread]: Sending event: {'category': 'dbt', 'action': 'invocation', 'label': 'end', 'context': [<snowplow_tracker.self_describing_json.SelfDescribingJson object at 0x000001C92805C310>, <snowplow_tracker.self_describing_json.SelfDescribingJson object at 0x000001C92805CE80>, <snowplow_tracker.self_describing_json.SelfDescribingJson object at 0x000001C92805C2B0>]}
[0m13:16:58.800539 [debug] [MainThread]: Flushing usage events
[0m13:16:59.342899 [error] [MainThread]: Encountered an error:
Compilation Error
  dbt found 1 package(s) specified in packages.yml, but only 0 package(s) installed in dbt_packages. Run "dbt deps" to install package dependencies.
[0m13:16:59.364867 [error] [MainThread]: Traceback (most recent call last):
  File "C:\Users\DamienLawrenson\AppData\Local\Programs\Python\Python39\lib\site-packages\dbt\main.py", line 129, in main
    results, succeeded = handle_and_check(args)
  File "C:\Users\DamienLawrenson\AppData\Local\Programs\Python\Python39\lib\site-packages\dbt\main.py", line 191, in handle_and_check
    task, res = run_from_args(parsed)
  File "C:\Users\DamienLawrenson\AppData\Local\Programs\Python\Python39\lib\site-packages\dbt\main.py", line 238, in run_from_args
    results = task.run()
  File "C:\Users\DamienLawrenson\AppData\Local\Programs\Python\Python39\lib\site-packages\dbt\task\runnable.py", line 451, in run
    self._runtime_initialize()
  File "C:\Users\DamienLawrenson\AppData\Local\Programs\Python\Python39\lib\site-packages\dbt\task\runnable.py", line 159, in _runtime_initialize
    super()._runtime_initialize()
  File "C:\Users\DamienLawrenson\AppData\Local\Programs\Python\Python39\lib\site-packages\dbt\task\runnable.py", line 92, in _runtime_initialize
    self.load_manifest()
  File "C:\Users\DamienLawrenson\AppData\Local\Programs\Python\Python39\lib\site-packages\dbt\task\runnable.py", line 81, in load_manifest
    self.manifest = ManifestLoader.get_full_manifest(self.config)
  File "C:\Users\DamienLawrenson\AppData\Local\Programs\Python\Python39\lib\site-packages\dbt\parser\manifest.py", line 216, in get_full_manifest
    projects = config.load_dependencies()
  File "C:\Users\DamienLawrenson\AppData\Local\Programs\Python\Python39\lib\site-packages\dbt\config\runtime.py", line 327, in load_dependencies
    raise_compiler_error(
  File "C:\Users\DamienLawrenson\AppData\Local\Programs\Python\Python39\lib\site-packages\dbt\exceptions.py", line 445, in raise_compiler_error
    raise CompilationException(msg, node)
dbt.exceptions.CompilationException: Compilation Error
  dbt found 1 package(s) specified in packages.yml, but only 0 package(s) installed in dbt_packages. Run "dbt deps" to install package dependencies.



============================== 2022-09-26 13:17:11.211313 | d61ba5d8-053b-432e-b683-6484405af588 ==============================
[0m13:17:11.211313 [info ] [MainThread]: Running with dbt=1.2.1
[0m13:17:11.213112 [debug] [MainThread]: running dbt with arguments {'write_json': True, 'use_colors': True, 'printer_width': 80, 'version_check': True, 'partial_parse': True, 'static_parser': True, 'profiles_dir': 'C:\\Users\\DamienLawrenson\\Documents\\gitlab\\redshift-dbt-demo\\src\\dbt-project', 'send_anonymous_usage_stats': True, 'event_buffer_size': 100000, 'quiet': False, 'no_print': False, 'which': 'deps', 'rpc_method': 'deps', 'indirect_selection': 'eager'}
[0m13:17:11.213112 [debug] [MainThread]: Tracking: tracking
[0m13:17:11.260453 [debug] [MainThread]: Sending event: {'category': 'dbt', 'action': 'invocation', 'label': 'start', 'context': [<snowplow_tracker.self_describing_json.SelfDescribingJson object at 0x000001C129719D90>, <snowplow_tracker.self_describing_json.SelfDescribingJson object at 0x000001C129719C70>, <snowplow_tracker.self_describing_json.SelfDescribingJson object at 0x000001C129719610>]}
[0m13:17:11.265178 [debug] [MainThread]: Set downloads directory='C:\Users\DAMIEN~1\AppData\Local\Temp\dbt-downloads-cht7qizj'
[0m13:17:11.265178 [debug] [MainThread]: Making package index registry request: GET https://hub.getdbt.com/api/v1/index.json
[0m13:17:11.374331 [debug] [MainThread]: Response from registry index: GET https://hub.getdbt.com/api/v1/index.json 200
[0m13:17:11.374331 [debug] [MainThread]: Making package registry request: GET https://hub.getdbt.com/api/v1/dbt-labs/dbt_utils.json
[0m13:17:11.455075 [debug] [MainThread]: Response from registry: GET https://hub.getdbt.com/api/v1/dbt-labs/dbt_utils.json 200
[0m13:17:11.510068 [info ] [MainThread]: Installing dbt-labs/dbt_utils
[0m13:17:12.178065 [info ] [MainThread]:   Installed from version 0.8.4
[0m13:17:12.179067 [info ] [MainThread]:   Updated version available: 0.9.2
[0m13:17:12.179067 [debug] [MainThread]: Sending event: {'category': 'dbt', 'action': 'package', 'label': 'd61ba5d8-053b-432e-b683-6484405af588', 'property_': 'install', 'context': [<snowplow_tracker.self_describing_json.SelfDescribingJson object at 0x000001C12973EC10>, <snowplow_tracker.self_describing_json.SelfDescribingJson object at 0x000001C12973EBB0>]}
[0m13:17:12.179067 [info ] [MainThread]: 
[0m13:17:12.180277 [info ] [MainThread]: Updates available for packages: ['dbt-labs/dbt_utils']                 
Update your versions in packages.yml, then run dbt deps
[0m13:17:12.181547 [debug] [MainThread]: Sending event: {'category': 'dbt', 'action': 'invocation', 'label': 'end', 'context': [<snowplow_tracker.self_describing_json.SelfDescribingJson object at 0x000001C12973ED00>, <snowplow_tracker.self_describing_json.SelfDescribingJson object at 0x000001C12973EAF0>, <snowplow_tracker.self_describing_json.SelfDescribingJson object at 0x000001C129782100>]}
[0m13:17:12.181547 [debug] [MainThread]: Flushing usage events


============================== 2022-09-26 13:17:24.114406 | 92dc17f4-57e0-4568-b18f-a5098c8dba5d ==============================
[0m13:17:24.114406 [info ] [MainThread]: Running with dbt=1.2.1
[0m13:17:24.116220 [debug] [MainThread]: running dbt with arguments {'write_json': True, 'use_colors': True, 'printer_width': 80, 'version_check': True, 'partial_parse': True, 'static_parser': True, 'profiles_dir': 'C:\\Users\\DamienLawrenson\\Documents\\gitlab\\redshift-dbt-demo\\src\\dbt-project', 'send_anonymous_usage_stats': True, 'event_buffer_size': 100000, 'quiet': False, 'no_print': False, 'which': 'run', 'rpc_method': 'run', 'indirect_selection': 'eager'}
[0m13:17:24.116220 [debug] [MainThread]: Tracking: tracking
[0m13:17:24.159258 [debug] [MainThread]: Sending event: {'category': 'dbt', 'action': 'invocation', 'label': 'start', 'context': [<snowplow_tracker.self_describing_json.SelfDescribingJson object at 0x00000240A7D9CB80>, <snowplow_tracker.self_describing_json.SelfDescribingJson object at 0x00000240A7D9C3A0>, <snowplow_tracker.self_describing_json.SelfDescribingJson object at 0x00000240A7D9C2B0>]}
[0m13:17:24.181055 [info ] [MainThread]: Partial parse save file not found. Starting full parse.
[0m13:17:24.183244 [debug] [MainThread]: Sending event: {'category': 'dbt', 'action': 'partial_parser', 'label': '92dc17f4-57e0-4568-b18f-a5098c8dba5d', 'context': [<snowplow_tracker.self_describing_json.SelfDescribingJson object at 0x00000240A7DC8040>]}
[0m13:17:24.379987 [debug] [MainThread]: Parsing macros\adapters.sql
[0m13:17:24.400244 [debug] [MainThread]: Parsing macros\catalog.sql
[0m13:17:24.417072 [debug] [MainThread]: Parsing macros\relations.sql
[0m13:17:24.417072 [debug] [MainThread]: Parsing macros\adapters\apply_grants.sql
[0m13:17:24.417072 [debug] [MainThread]: Parsing macros\materializations\snapshot_merge.sql
[0m13:17:24.417072 [debug] [MainThread]: Parsing macros\utils\cast_bool_to_text.sql
[0m13:17:24.417072 [debug] [MainThread]: Parsing macros\utils\dateadd.sql
[0m13:17:24.417072 [debug] [MainThread]: Parsing macros\utils\datediff.sql
[0m13:17:24.417072 [debug] [MainThread]: Parsing macros\utils\last_day.sql
[0m13:17:24.417072 [debug] [MainThread]: Parsing macros\utils\length.sql
[0m13:17:24.417072 [debug] [MainThread]: Parsing macros\utils\listagg.sql
[0m13:17:24.417072 [debug] [MainThread]: Parsing macros\utils\split_part.sql
[0m13:17:24.417072 [debug] [MainThread]: Parsing macros\adapters.sql
[0m13:17:24.452743 [debug] [MainThread]: Parsing macros\catalog.sql
[0m13:17:24.452743 [debug] [MainThread]: Parsing macros\relations.sql
[0m13:17:24.452743 [debug] [MainThread]: Parsing macros\materializations\snapshot_merge.sql
[0m13:17:24.452743 [debug] [MainThread]: Parsing macros\utils\any_value.sql
[0m13:17:24.452743 [debug] [MainThread]: Parsing macros\utils\dateadd.sql
[0m13:17:24.452743 [debug] [MainThread]: Parsing macros\utils\datediff.sql
[0m13:17:24.452743 [debug] [MainThread]: Parsing macros\utils\last_day.sql
[0m13:17:24.468543 [debug] [MainThread]: Parsing macros\utils\listagg.sql
[0m13:17:24.470541 [debug] [MainThread]: Parsing macros\utils\split_part.sql
[0m13:17:24.471542 [debug] [MainThread]: Parsing macros\adapters\apply_grants.sql
[0m13:17:24.479635 [debug] [MainThread]: Parsing macros\adapters\columns.sql
[0m13:17:24.479635 [debug] [MainThread]: Parsing macros\adapters\freshness.sql
[0m13:17:24.495338 [debug] [MainThread]: Parsing macros\adapters\indexes.sql
[0m13:17:24.496341 [debug] [MainThread]: Parsing macros\adapters\metadata.sql
[0m13:17:24.496341 [debug] [MainThread]: Parsing macros\adapters\persist_docs.sql
[0m13:17:24.496341 [debug] [MainThread]: Parsing macros\adapters\relation.sql
[0m13:17:24.514990 [debug] [MainThread]: Parsing macros\adapters\schema.sql
[0m13:17:24.514990 [debug] [MainThread]: Parsing macros\etc\datetime.sql
[0m13:17:24.531832 [debug] [MainThread]: Parsing macros\etc\statement.sql
[0m13:17:24.531832 [debug] [MainThread]: Parsing macros\generic_test_sql\accepted_values.sql
[0m13:17:24.531832 [debug] [MainThread]: Parsing macros\generic_test_sql\not_null.sql
[0m13:17:24.531832 [debug] [MainThread]: Parsing macros\generic_test_sql\relationships.sql
[0m13:17:24.531832 [debug] [MainThread]: Parsing macros\generic_test_sql\unique.sql
[0m13:17:24.531832 [debug] [MainThread]: Parsing macros\get_custom_name\get_custom_alias.sql
[0m13:17:24.531832 [debug] [MainThread]: Parsing macros\get_custom_name\get_custom_database.sql
[0m13:17:24.531832 [debug] [MainThread]: Parsing macros\get_custom_name\get_custom_schema.sql
[0m13:17:24.531832 [debug] [MainThread]: Parsing macros\materializations\configs.sql
[0m13:17:24.531832 [debug] [MainThread]: Parsing macros\materializations\hooks.sql
[0m13:17:24.550662 [debug] [MainThread]: Parsing macros\materializations\models\incremental\column_helpers.sql
[0m13:17:24.552724 [debug] [MainThread]: Parsing macros\materializations\models\incremental\incremental.sql
[0m13:17:24.552724 [debug] [MainThread]: Parsing macros\materializations\models\incremental\is_incremental.sql
[0m13:17:24.552724 [debug] [MainThread]: Parsing macros\materializations\models\incremental\merge.sql
[0m13:17:24.569652 [debug] [MainThread]: Parsing macros\materializations\models\incremental\on_schema_change.sql
[0m13:17:24.588468 [debug] [MainThread]: Parsing macros\materializations\models\table\create_table_as.sql
[0m13:17:24.588468 [debug] [MainThread]: Parsing macros\materializations\models\table\table.sql
[0m13:17:24.588468 [debug] [MainThread]: Parsing macros\materializations\models\view\create_or_replace_view.sql
[0m13:17:24.588468 [debug] [MainThread]: Parsing macros\materializations\models\view\create_view_as.sql
[0m13:17:24.604136 [debug] [MainThread]: Parsing macros\materializations\models\view\helpers.sql
[0m13:17:24.604136 [debug] [MainThread]: Parsing macros\materializations\models\view\view.sql
[0m13:17:24.604136 [debug] [MainThread]: Parsing macros\materializations\seeds\helpers.sql
[0m13:17:24.621986 [debug] [MainThread]: Parsing macros\materializations\seeds\seed.sql
[0m13:17:24.621986 [debug] [MainThread]: Parsing macros\materializations\snapshots\helpers.sql
[0m13:17:24.638926 [debug] [MainThread]: Parsing macros\materializations\snapshots\snapshot.sql
[0m13:17:24.655189 [debug] [MainThread]: Parsing macros\materializations\snapshots\snapshot_merge.sql
[0m13:17:24.656947 [debug] [MainThread]: Parsing macros\materializations\snapshots\strategies.sql
[0m13:17:24.672629 [debug] [MainThread]: Parsing macros\materializations\tests\helpers.sql
[0m13:17:24.674632 [debug] [MainThread]: Parsing macros\materializations\tests\test.sql
[0m13:17:24.675635 [debug] [MainThread]: Parsing macros\materializations\tests\where_subquery.sql
[0m13:17:24.675635 [debug] [MainThread]: Parsing macros\utils\any_value.sql
[0m13:17:24.675635 [debug] [MainThread]: Parsing macros\utils\bool_or.sql
[0m13:17:24.675635 [debug] [MainThread]: Parsing macros\utils\cast_bool_to_text.sql
[0m13:17:24.682701 [debug] [MainThread]: Parsing macros\utils\concat.sql
[0m13:17:24.682701 [debug] [MainThread]: Parsing macros\utils\data_types.sql
[0m13:17:24.685747 [debug] [MainThread]: Parsing macros\utils\dateadd.sql
[0m13:17:24.685747 [debug] [MainThread]: Parsing macros\utils\datediff.sql
[0m13:17:24.692917 [debug] [MainThread]: Parsing macros\utils\date_trunc.sql
[0m13:17:24.694126 [debug] [MainThread]: Parsing macros\utils\escape_single_quotes.sql
[0m13:17:24.694921 [debug] [MainThread]: Parsing macros\utils\except.sql
[0m13:17:24.695921 [debug] [MainThread]: Parsing macros\utils\hash.sql
[0m13:17:24.696920 [debug] [MainThread]: Parsing macros\utils\intersect.sql
[0m13:17:24.696920 [debug] [MainThread]: Parsing macros\utils\last_day.sql
[0m13:17:24.696920 [debug] [MainThread]: Parsing macros\utils\length.sql
[0m13:17:24.696920 [debug] [MainThread]: Parsing macros\utils\listagg.sql
[0m13:17:24.703045 [debug] [MainThread]: Parsing macros\utils\literal.sql
[0m13:17:24.703045 [debug] [MainThread]: Parsing macros\utils\position.sql
[0m13:17:24.705110 [debug] [MainThread]: Parsing macros\utils\replace.sql
[0m13:17:24.705110 [debug] [MainThread]: Parsing macros\utils\right.sql
[0m13:17:24.705110 [debug] [MainThread]: Parsing macros\utils\safe_cast.sql
[0m13:17:24.705110 [debug] [MainThread]: Parsing macros\utils\split_part.sql
[0m13:17:24.705110 [debug] [MainThread]: Parsing tests\generic\builtin.sql
[0m13:17:24.713212 [debug] [MainThread]: Parsing macros\cross_db_utils\any_value.sql
[0m13:17:24.714220 [debug] [MainThread]: Parsing macros\cross_db_utils\bool_or.sql
[0m13:17:24.716220 [debug] [MainThread]: Parsing macros\cross_db_utils\cast_bool_to_text.sql
[0m13:17:24.717975 [debug] [MainThread]: Parsing macros\cross_db_utils\concat.sql
[0m13:17:24.717975 [debug] [MainThread]: Parsing macros\cross_db_utils\current_timestamp.sql
[0m13:17:24.717975 [debug] [MainThread]: Parsing macros\cross_db_utils\datatypes.sql
[0m13:17:24.725663 [debug] [MainThread]: Parsing macros\cross_db_utils\dateadd.sql
[0m13:17:24.730623 [debug] [MainThread]: Parsing macros\cross_db_utils\datediff.sql
[0m13:17:24.735786 [debug] [MainThread]: Parsing macros\cross_db_utils\date_trunc.sql
[0m13:17:24.735786 [debug] [MainThread]: Parsing macros\cross_db_utils\escape_single_quotes.sql
[0m13:17:24.735786 [debug] [MainThread]: Parsing macros\cross_db_utils\except.sql
[0m13:17:24.743882 [debug] [MainThread]: Parsing macros\cross_db_utils\hash.sql
[0m13:17:24.745252 [debug] [MainThread]: Parsing macros\cross_db_utils\identifier.sql
[0m13:17:24.747160 [debug] [MainThread]: Parsing macros\cross_db_utils\intersect.sql
[0m13:17:24.748367 [debug] [MainThread]: Parsing macros\cross_db_utils\last_day.sql
[0m13:17:24.752633 [debug] [MainThread]: Parsing macros\cross_db_utils\length.sql
[0m13:17:24.753898 [debug] [MainThread]: Parsing macros\cross_db_utils\listagg.sql
[0m13:17:24.762884 [debug] [MainThread]: Parsing macros\cross_db_utils\literal.sql
[0m13:17:24.764174 [debug] [MainThread]: Parsing macros\cross_db_utils\position.sql
[0m13:17:24.765776 [debug] [MainThread]: Parsing macros\cross_db_utils\replace.sql
[0m13:17:24.767095 [debug] [MainThread]: Parsing macros\cross_db_utils\right.sql
[0m13:17:24.769132 [debug] [MainThread]: Parsing macros\cross_db_utils\safe_cast.sql
[0m13:17:24.771134 [debug] [MainThread]: Parsing macros\cross_db_utils\split_part.sql
[0m13:17:24.773149 [debug] [MainThread]: Parsing macros\cross_db_utils\width_bucket.sql
[0m13:17:24.778211 [debug] [MainThread]: Parsing macros\cross_db_utils\_is_ephemeral.sql
[0m13:17:24.779539 [debug] [MainThread]: Parsing macros\cross_db_utils\_is_relation.sql
[0m13:17:24.780824 [debug] [MainThread]: Parsing macros\generic_tests\accepted_range.sql
[0m13:17:24.783584 [debug] [MainThread]: Parsing macros\generic_tests\at_least_one.sql
[0m13:17:24.784584 [debug] [MainThread]: Parsing macros\generic_tests\cardinality_equality.sql
[0m13:17:24.786620 [debug] [MainThread]: Parsing macros\generic_tests\equality.sql
[0m13:17:24.790790 [debug] [MainThread]: Parsing macros\generic_tests\equal_rowcount.sql
[0m13:17:24.791794 [debug] [MainThread]: Parsing macros\generic_tests\expression_is_true.sql
[0m13:17:24.793794 [debug] [MainThread]: Parsing macros\generic_tests\fewer_rows_than.sql
[0m13:17:24.795844 [debug] [MainThread]: Parsing macros\generic_tests\mutually_exclusive_ranges.sql
[0m13:17:24.804310 [debug] [MainThread]: Parsing macros\generic_tests\not_accepted_values.sql
[0m13:17:24.806310 [debug] [MainThread]: Parsing macros\generic_tests\not_constant.sql
[0m13:17:24.807321 [debug] [MainThread]: Parsing macros\generic_tests\not_null_proportion.sql
[0m13:17:24.809636 [debug] [MainThread]: Parsing macros\generic_tests\recency.sql
[0m13:17:24.809636 [debug] [MainThread]: Parsing macros\generic_tests\relationships_where.sql
[0m13:17:24.809636 [debug] [MainThread]: Parsing macros\generic_tests\sequential_values.sql
[0m13:17:24.815749 [debug] [MainThread]: Parsing macros\generic_tests\test_not_null_where.sql
[0m13:17:24.817818 [debug] [MainThread]: Parsing macros\generic_tests\test_unique_where.sql
[0m13:17:24.817818 [debug] [MainThread]: Parsing macros\generic_tests\unique_combination_of_columns.sql
[0m13:17:24.817818 [debug] [MainThread]: Parsing macros\jinja_helpers\log_info.sql
[0m13:17:24.817818 [debug] [MainThread]: Parsing macros\jinja_helpers\pretty_log_format.sql
[0m13:17:24.817818 [debug] [MainThread]: Parsing macros\jinja_helpers\pretty_time.sql
[0m13:17:24.817818 [debug] [MainThread]: Parsing macros\jinja_helpers\slugify.sql
[0m13:17:24.826977 [debug] [MainThread]: Parsing macros\materializations\insert_by_period_materialization.sql
[0m13:17:24.849315 [debug] [MainThread]: Parsing macros\sql\date_spine.sql
[0m13:17:24.849315 [debug] [MainThread]: Parsing macros\sql\deduplicate.sql
[0m13:17:24.856444 [debug] [MainThread]: Parsing macros\sql\generate_series.sql
[0m13:17:24.858512 [debug] [MainThread]: Parsing macros\sql\get_column_values.sql
[0m13:17:24.866440 [debug] [MainThread]: Parsing macros\sql\get_filtered_columns_in_relation.sql
[0m13:17:24.868501 [debug] [MainThread]: Parsing macros\sql\get_query_results_as_dict.sql
[0m13:17:24.868501 [debug] [MainThread]: Parsing macros\sql\get_relations_by_pattern.sql
[0m13:17:24.868501 [debug] [MainThread]: Parsing macros\sql\get_relations_by_prefix.sql
[0m13:17:24.876595 [debug] [MainThread]: Parsing macros\sql\get_tables_by_pattern_sql.sql
[0m13:17:24.879685 [debug] [MainThread]: Parsing macros\sql\get_tables_by_prefix_sql.sql
[0m13:17:24.879685 [debug] [MainThread]: Parsing macros\sql\get_table_types_sql.sql
[0m13:17:24.886815 [debug] [MainThread]: Parsing macros\sql\groupby.sql
[0m13:17:24.886815 [debug] [MainThread]: Parsing macros\sql\haversine_distance.sql
[0m13:17:24.888875 [debug] [MainThread]: Parsing macros\sql\nullcheck.sql
[0m13:17:24.888875 [debug] [MainThread]: Parsing macros\sql\nullcheck_table.sql
[0m13:17:24.896993 [debug] [MainThread]: Parsing macros\sql\pivot.sql
[0m13:17:24.898994 [debug] [MainThread]: Parsing macros\sql\safe_add.sql
[0m13:17:24.898994 [debug] [MainThread]: Parsing macros\sql\star.sql
[0m13:17:24.898994 [debug] [MainThread]: Parsing macros\sql\surrogate_key.sql
[0m13:17:24.909055 [debug] [MainThread]: Parsing macros\sql\union.sql
[0m13:17:24.917124 [debug] [MainThread]: Parsing macros\sql\unpivot.sql
[0m13:17:24.919146 [debug] [MainThread]: Parsing macros\web\get_url_host.sql
[0m13:17:24.927173 [debug] [MainThread]: Parsing macros\web\get_url_parameter.sql
[0m13:17:24.929473 [debug] [MainThread]: Parsing macros\web\get_url_path.sql
[0m13:17:25.351566 [debug] [MainThread]: 1699: static parser successfully parsed demo\dim_customers.sql
[0m13:17:25.408753 [warn ] [MainThread]: [[33mWARNING[0m]: Configuration paths exist in your dbt_project.yml file which do not apply to any resources.
There are 1 unused configuration paths:
- models.my_new_project.example

[0m13:17:25.412736 [debug] [MainThread]: Sending event: {'category': 'dbt', 'action': 'load_project', 'label': '92dc17f4-57e0-4568-b18f-a5098c8dba5d', 'context': [<snowplow_tracker.self_describing_json.SelfDescribingJson object at 0x00000240A7F460D0>]}
[0m13:17:25.426347 [debug] [MainThread]: Sending event: {'category': 'dbt', 'action': 'resource_counts', 'label': '92dc17f4-57e0-4568-b18f-a5098c8dba5d', 'context': [<snowplow_tracker.self_describing_json.SelfDescribingJson object at 0x00000240A7EE4B80>]}
[0m13:17:25.426347 [info ] [MainThread]: Found 1 model, 0 tests, 0 snapshots, 0 analyses, 502 macros, 0 operations, 0 seed files, 0 sources, 0 exposures, 0 metrics
[0m13:17:25.426347 [debug] [MainThread]: Sending event: {'category': 'dbt', 'action': 'runnable_timing', 'label': '92dc17f4-57e0-4568-b18f-a5098c8dba5d', 'context': [<snowplow_tracker.self_describing_json.SelfDescribingJson object at 0x00000240A7DEBB50>]}
[0m13:17:25.427429 [info ] [MainThread]: 
[0m13:17:25.428722 [debug] [MainThread]: Acquiring new redshift connection "master"
[0m13:17:25.430926 [debug] [ThreadPool]: Acquiring new redshift connection "list_dev"
[0m13:17:25.432378 [debug] [ThreadPool]: Using redshift connection "list_dev"
[0m13:17:25.432378 [debug] [ThreadPool]: On list_dev: /* {"app": "dbt", "dbt_version": "1.2.1", "profile_name": "default", "target_name": "dev", "connection_name": "list_dev"} */

    select distinct nspname from pg_namespace
  
[0m13:17:25.432378 [debug] [ThreadPool]: Opening a new connection, currently in state init
[0m13:17:25.432378 [debug] [ThreadPool]: Redshift adapter: Connecting to Redshift using 'database' credentials
[0m13:17:25.631639 [debug] [ThreadPool]: SQL status: SELECT in 0.2 seconds
[0m13:17:25.637207 [debug] [ThreadPool]: On list_dev: Close
[0m13:17:25.638782 [debug] [ThreadPool]: Acquiring new redshift connection "list_dev_public"
[0m13:17:25.648582 [debug] [ThreadPool]: Using redshift connection "list_dev_public"
[0m13:17:25.648582 [debug] [ThreadPool]: On list_dev_public: BEGIN
[0m13:17:25.648582 [debug] [ThreadPool]: Opening a new connection, currently in state init
[0m13:17:25.648582 [debug] [ThreadPool]: Redshift adapter: Connecting to Redshift using 'database' credentials
[0m13:17:25.779474 [debug] [ThreadPool]: SQL status: BEGIN in 0.13 seconds
[0m13:17:25.780514 [debug] [ThreadPool]: Using redshift connection "list_dev_public"
[0m13:17:25.780514 [debug] [ThreadPool]: On list_dev_public: /* {"app": "dbt", "dbt_version": "1.2.1", "profile_name": "default", "target_name": "dev", "connection_name": "list_dev_public"} */
select
      'dev' as database,
      tablename as name,
      schemaname as schema,
      'table' as type
    from pg_tables
    where schemaname ilike 'public'
    union all
    select
      'dev' as database,
      viewname as name,
      schemaname as schema,
      'view' as type
    from pg_views
    where schemaname ilike 'public'
  
[0m13:17:25.800750 [debug] [ThreadPool]: SQL status: SELECT in 0.02 seconds
[0m13:17:25.814431 [debug] [ThreadPool]: On list_dev_public: ROLLBACK
[0m13:17:25.818668 [debug] [ThreadPool]: On list_dev_public: Close
[0m13:17:25.833109 [debug] [MainThread]: Using redshift connection "master"
[0m13:17:25.833109 [debug] [MainThread]: On master: BEGIN
[0m13:17:25.833109 [debug] [MainThread]: Opening a new connection, currently in state init
[0m13:17:25.833109 [debug] [MainThread]: Redshift adapter: Connecting to Redshift using 'database' credentials
[0m13:17:25.984590 [debug] [MainThread]: SQL status: BEGIN in 0.15 seconds
[0m13:17:25.984590 [debug] [MainThread]: Using redshift connection "master"
[0m13:17:25.985644 [debug] [MainThread]: On master: /* {"app": "dbt", "dbt_version": "1.2.1", "profile_name": "default", "target_name": "dev", "connection_name": "master"} */
with relation as (
        select
            pg_rewrite.ev_class as class,
            pg_rewrite.oid as id
        from pg_rewrite
    ),
    class as (
        select
            oid as id,
            relname as name,
            relnamespace as schema,
            relkind as kind
        from pg_class
    ),
    dependency as (
        select distinct
            pg_depend.objid as id,
            pg_depend.refobjid as ref
        from pg_depend
    ),
    schema as (
        select
            pg_namespace.oid as id,
            pg_namespace.nspname as name
        from pg_namespace
        where nspname != 'information_schema' and nspname not like 'pg\_%'
    ),
    referenced as (
        select
            relation.id AS id,
            referenced_class.name ,
            referenced_class.schema ,
            referenced_class.kind
        from relation
        join class as referenced_class on relation.class=referenced_class.id
        where referenced_class.kind in ('r', 'v')
    ),
    relationships as (
        select
            referenced.name as referenced_name,
            referenced.schema as referenced_schema_id,
            dependent_class.name as dependent_name,
            dependent_class.schema as dependent_schema_id,
            referenced.kind as kind
        from referenced
        join dependency on referenced.id=dependency.id
        join class as dependent_class on dependency.ref=dependent_class.id
        where
            (referenced.name != dependent_class.name or
             referenced.schema != dependent_class.schema)
    )

    select
        referenced_schema.name as referenced_schema,
        relationships.referenced_name as referenced_name,
        dependent_schema.name as dependent_schema,
        relationships.dependent_name as dependent_name
    from relationships
    join schema as dependent_schema on relationships.dependent_schema_id=dependent_schema.id
    join schema as referenced_schema on relationships.referenced_schema_id=referenced_schema.id
    group by referenced_schema, referenced_name, dependent_schema, dependent_name
    order by referenced_schema, referenced_name, dependent_schema, dependent_name;
[0m13:17:26.033205 [debug] [MainThread]: SQL status: SELECT in 0.05 seconds
[0m13:17:26.033205 [debug] [MainThread]: Sending event: {'category': 'dbt', 'action': 'runnable_timing', 'label': '92dc17f4-57e0-4568-b18f-a5098c8dba5d', 'context': [<snowplow_tracker.self_describing_json.SelfDescribingJson object at 0x00000240A7F58700>]}
[0m13:17:26.045107 [debug] [MainThread]: On master: ROLLBACK
[0m13:17:26.059447 [debug] [MainThread]: Using redshift connection "master"
[0m13:17:26.060714 [debug] [MainThread]: On master: BEGIN
[0m13:17:26.078452 [debug] [MainThread]: SQL status: BEGIN in 0.02 seconds
[0m13:17:26.078452 [debug] [MainThread]: On master: COMMIT
[0m13:17:26.078452 [debug] [MainThread]: Using redshift connection "master"
[0m13:17:26.078452 [debug] [MainThread]: On master: COMMIT
[0m13:17:26.098754 [debug] [MainThread]: SQL status: COMMIT in 0.02 seconds
[0m13:17:26.098754 [debug] [MainThread]: On master: Close
[0m13:17:26.104557 [info ] [MainThread]: Concurrency: 4 threads (target='dev')
[0m13:17:26.106682 [info ] [MainThread]: 
[0m13:17:26.138275 [debug] [Thread-1  ]: Began running node model.my_new_project.dim_customers
[0m13:17:26.139279 [info ] [Thread-1  ]: 1 of 1 START view model public.dim_customers ................................... [RUN]
[0m13:17:26.141683 [debug] [Thread-1  ]: Acquiring new redshift connection "model.my_new_project.dim_customers"
[0m13:17:26.141683 [debug] [Thread-1  ]: Began compiling node model.my_new_project.dim_customers
[0m13:17:26.141683 [debug] [Thread-1  ]: Compiling model.my_new_project.dim_customers
[0m13:17:26.146267 [debug] [Thread-1  ]: Writing injected SQL for node "model.my_new_project.dim_customers"
[0m13:17:26.151798 [debug] [Thread-1  ]: finished collecting timing info
[0m13:17:26.151798 [debug] [Thread-1  ]: Began executing node model.my_new_project.dim_customers
[0m13:17:26.194661 [debug] [Thread-1  ]: Writing runtime SQL for node "model.my_new_project.dim_customers"
[0m13:17:26.197663 [debug] [Thread-1  ]: Using redshift connection "model.my_new_project.dim_customers"
[0m13:17:26.198658 [debug] [Thread-1  ]: On model.my_new_project.dim_customers: BEGIN
[0m13:17:26.198658 [debug] [Thread-1  ]: Opening a new connection, currently in state init
[0m13:17:26.198658 [debug] [Thread-1  ]: Redshift adapter: Connecting to Redshift using 'database' credentials
[0m13:17:26.318212 [debug] [Thread-1  ]: SQL status: BEGIN in 0.12 seconds
[0m13:17:26.318212 [debug] [Thread-1  ]: Using redshift connection "model.my_new_project.dim_customers"
[0m13:17:26.318212 [debug] [Thread-1  ]: On model.my_new_project.dim_customers: /* {"app": "dbt", "dbt_version": "1.2.1", "profile_name": "default", "target_name": "dev", "node_id": "model.my_new_project.dim_customers"} */


  create view "dev"."public"."dim_customers__dbt_tmp" as (
    with customers as (

    select
        id as customer_id,
        first_name,
        last_name

    from jaffle_shop.customers

),

orders as (

    select
        id as order_id,
        user_id as customer_id,
        order_date,
        status

    from jaffle_shop.orders

),

customer_orders as (

    select
        customer_id,

        min(order_date) as first_order_date,
        max(order_date) as most_recent_order_date,
        count(order_id) as number_of_orders

    from orders

    group by 1

),


final as (

    select
        customers.customer_id,
        customers.first_name,
        customers.last_name,
        customer_orders.first_order_date,
        customer_orders.most_recent_order_date,
        coalesce(customer_orders.number_of_orders, 0) as number_of_orders

    from customers

    left join customer_orders using (customer_id)

)

select * from final
  ) ;

[0m13:17:26.346154 [debug] [Thread-1  ]: SQL status: CREATE VIEW in 0.03 seconds
[0m13:17:26.363018 [debug] [Thread-1  ]: Using redshift connection "model.my_new_project.dim_customers"
[0m13:17:26.363018 [debug] [Thread-1  ]: On model.my_new_project.dim_customers: /* {"app": "dbt", "dbt_version": "1.2.1", "profile_name": "default", "target_name": "dev", "node_id": "model.my_new_project.dim_customers"} */
alter table "dev"."public"."dim_customers__dbt_tmp" rename to "dim_customers"
[0m13:17:26.378351 [debug] [Thread-1  ]: SQL status: ALTER TABLE in 0.02 seconds
[0m13:17:26.397015 [debug] [Thread-1  ]: On model.my_new_project.dim_customers: COMMIT
[0m13:17:26.397015 [debug] [Thread-1  ]: Using redshift connection "model.my_new_project.dim_customers"
[0m13:17:26.397015 [debug] [Thread-1  ]: On model.my_new_project.dim_customers: COMMIT
[0m13:17:26.437492 [debug] [Thread-1  ]: SQL status: COMMIT in 0.04 seconds
[0m13:17:26.438549 [debug] [Thread-1  ]: Using redshift connection "model.my_new_project.dim_customers"
[0m13:17:26.438549 [debug] [Thread-1  ]: On model.my_new_project.dim_customers: BEGIN
[0m13:17:26.441616 [debug] [Thread-1  ]: SQL status: BEGIN in 0.0 seconds
[0m13:17:26.461383 [debug] [Thread-1  ]: Using redshift connection "model.my_new_project.dim_customers"
[0m13:17:26.461383 [debug] [Thread-1  ]: On model.my_new_project.dim_customers: /* {"app": "dbt", "dbt_version": "1.2.1", "profile_name": "default", "target_name": "dev", "node_id": "model.my_new_project.dim_customers"} */
drop view if exists "dev"."public"."dim_customers__dbt_backup" cascade
[0m13:17:26.464632 [debug] [Thread-1  ]: SQL status: DROP VIEW in 0.0 seconds
[0m13:17:26.464632 [debug] [Thread-1  ]: On model.my_new_project.dim_customers: COMMIT
[0m13:17:26.464632 [debug] [Thread-1  ]: Using redshift connection "model.my_new_project.dim_customers"
[0m13:17:26.464632 [debug] [Thread-1  ]: On model.my_new_project.dim_customers: COMMIT
[0m13:17:26.507737 [debug] [Thread-1  ]: SQL status: COMMIT in 0.04 seconds
[0m13:17:26.507737 [debug] [Thread-1  ]: Using redshift connection "model.my_new_project.dim_customers"
[0m13:17:26.507737 [debug] [Thread-1  ]: On model.my_new_project.dim_customers: BEGIN
[0m13:17:26.512716 [debug] [Thread-1  ]: SQL status: BEGIN in 0.0 seconds
[0m13:17:26.512716 [debug] [Thread-1  ]: finished collecting timing info
[0m13:17:26.512716 [debug] [Thread-1  ]: On model.my_new_project.dim_customers: ROLLBACK
[0m13:17:26.524972 [debug] [Thread-1  ]: On model.my_new_project.dim_customers: Close
[0m13:17:26.524972 [debug] [Thread-1  ]: Sending event: {'category': 'dbt', 'action': 'run_model', 'label': '92dc17f4-57e0-4568-b18f-a5098c8dba5d', 'context': [<snowplow_tracker.self_describing_json.SelfDescribingJson object at 0x00000240A7FD3520>]}
[0m13:17:26.524972 [info ] [Thread-1  ]: 1 of 1 OK created view model public.dim_customers .............................. [[32mCREATE VIEW[0m in 0.38s]
[0m13:17:26.538853 [debug] [Thread-1  ]: Finished running node model.my_new_project.dim_customers
[0m13:17:26.545023 [debug] [MainThread]: Acquiring new redshift connection "master"
[0m13:17:26.547176 [debug] [MainThread]: Using redshift connection "master"
[0m13:17:26.547176 [debug] [MainThread]: On master: BEGIN
[0m13:17:26.547176 [debug] [MainThread]: Opening a new connection, currently in state closed
[0m13:17:26.548175 [debug] [MainThread]: Redshift adapter: Connecting to Redshift using 'database' credentials
[0m13:17:26.695982 [debug] [MainThread]: SQL status: BEGIN in 0.15 seconds
[0m13:17:26.695982 [debug] [MainThread]: On master: COMMIT
[0m13:17:26.695982 [debug] [MainThread]: Using redshift connection "master"
[0m13:17:26.695982 [debug] [MainThread]: On master: COMMIT
[0m13:17:26.705426 [debug] [MainThread]: SQL status: COMMIT in 0.01 seconds
[0m13:17:26.705426 [debug] [MainThread]: On master: Close
[0m13:17:26.716097 [info ] [MainThread]: 
[0m13:17:26.717099 [info ] [MainThread]: Finished running 1 view model in 0 hours 0 minutes and 1.28 seconds (1.28s).
[0m13:17:26.718946 [debug] [MainThread]: Connection 'master' was properly closed.
[0m13:17:26.718946 [debug] [MainThread]: Connection 'list_dev' was properly closed.
[0m13:17:26.718946 [debug] [MainThread]: Connection 'list_dev_public' was properly closed.
[0m13:17:26.719946 [debug] [MainThread]: Connection 'model.my_new_project.dim_customers' was properly closed.
[0m13:17:26.741401 [info ] [MainThread]: 
[0m13:17:26.742221 [info ] [MainThread]: [32mCompleted successfully[0m
[0m13:17:26.743219 [info ] [MainThread]: 
[0m13:17:26.744224 [info ] [MainThread]: Done. PASS=1 WARN=0 ERROR=0 SKIP=0 TOTAL=1
[0m13:17:26.745229 [debug] [MainThread]: Sending event: {'category': 'dbt', 'action': 'invocation', 'label': 'end', 'context': [<snowplow_tracker.self_describing_json.SelfDescribingJson object at 0x00000240A80083D0>, <snowplow_tracker.self_describing_json.SelfDescribingJson object at 0x00000240A803B730>, <snowplow_tracker.self_describing_json.SelfDescribingJson object at 0x00000240A803B0A0>]}
[0m13:17:26.745229 [debug] [MainThread]: Flushing usage events
